GROUP,PACKAGE,CLASS,INSTRUCTION_MISSED,INSTRUCTION_COVERED,BRANCH_MISSED,BRANCH_COVERED,LINE_MISSED,LINE_COVERED,COMPLEXITY_MISSED,COMPLEXITY_COVERED,METHOD_MISSED,METHOD_COVERED
Spring Integration Ldaptive,org.bremersee.ldaptive.transcoder,DnValueTranscoder,0,45,0,8,0,12,0,9,0,5
Spring Integration Ldaptive,org.bremersee.ldaptive.transcoder,ValueTranscoderFactory,0,232,23,29,0,80,23,31,0,28
Spring Integration Ldaptive,org.bremersee.ldaptive.transcoder,UserAccountControlValueTranscoder,5,25,0,0,2,6,0,4,0,4
Spring Integration Ldaptive,org.bremersee.ldaptive.transcoder,GeneralizedTimeToOffsetDateTimeValueTranscoder,1,46,1,1,0,13,1,6,0,6
Spring Integration Ldaptive,org.bremersee.ldaptive.transcoder,FileTimeToOffsetDateTimeValueTranscoder,1,50,2,2,0,13,2,6,0,6
Spring Integration Ldaptive,org.bremersee.ldaptive.transcoder,UserAccountControl,0,129,7,27,0,27,7,18,0,8
Spring Integration Ldaptive,org.bremersee.ldaptive,LdaptiveProperties.ConnectionPoolProperties,0,41,0,0,0,13,0,1,0,1
Spring Integration Ldaptive,org.bremersee.ldaptive,DefaultLdaptiveErrorHandler,2,65,1,3,1,23,1,7,0,5
Spring Integration Ldaptive,org.bremersee.ldaptive,LdaptiveProperties.SslProperties.HostnameVerifier,3,29,0,0,1,6,1,2,1,2
Spring Integration Ldaptive,org.bremersee.ldaptive,LdaptiveProperties.ConnectionValidatorProperties.SearchRequestProperties.SearchFilterProperties,0,3,0,0,0,2,0,1,0,1
Spring Integration Ldaptive,org.bremersee.ldaptive,LdaptiveEntryMapper,1,36,1,1,0,7,1,6,0,6
Spring Integration Ldaptive,org.bremersee.ldaptive,LdaptiveProperties.ConnectionValidatorProperties,0,34,0,2,0,9,0,3,0,2
Spring Integration Ldaptive,org.bremersee.ldaptive,LdaptiveOperations,0,114,0,0,0,26,0,13,0,13
Spring Integration Ldaptive,org.bremersee.ldaptive,LdaptiveSambaTemplate,0,189,1,5,0,42,1,10,0,8
Spring Integration Ldaptive,org.bremersee.ldaptive,LdaptiveProperties.SslProperties,42,20,9,3,11,7,6,2,0,2
Spring Integration Ldaptive,org.bremersee.ldaptive,LdaptiveProperties.ConnectionStrategy,0,50,0,0,0,9,0,3,0,3
Spring Integration Ldaptive,org.bremersee.ldaptive,LdaptiveAttribute.Specification,0,18,0,0,0,7,0,1,0,1
Spring Integration Ldaptive,org.bremersee.ldaptive,AbstractLdaptiveErrorHandler,0,53,0,4,0,16,0,5,0,3
Spring Integration Ldaptive,org.bremersee.ldaptive,LdaptiveProperties.ConnectionValidatorProperties.SearchRequestProperties,0,79,3,7,0,19,3,5,0,3
Spring Integration Ldaptive,org.bremersee.ldaptive,LdaptiveSambaTemplate.new CharacterData() {...},2,5,0,0,1,2,1,2,1,2
Spring Integration Ldaptive,org.bremersee.ldaptive,LdaptiveSambaTemplate.new AbstractLdaptiveErrorHandler() {...},45,3,6,0,18,1,4,1,1,1
Spring Integration Ldaptive,org.bremersee.ldaptive,LdaptiveTemplate,30,334,7,19,9,97,7,29,0,23
Spring Integration Ldaptive,org.bremersee.ldaptive,LdaptiveProperties.ReconnectStrategy,0,35,0,0,0,8,0,3,0,3
Spring Integration Ldaptive,org.bremersee.ldaptive,LdaptiveProperties,0,211,2,12,0,62,2,9,0,4
Spring Integration Ldaptive,org.bremersee.ldaptive,LdaptiveAttribute,3,315,4,34,0,62,4,37,0,22
Spring Integration Ldaptive,org.bremersee.ldaptive,LdaptiveEntryImmutableMapper,3,5,0,0,2,1,1,1,1,1
Spring Integration Ldaptive,org.bremersee.ldaptive,LdaptiveObjectMapperModule,46,57,3,1,13,17,2,3,0,3
Spring Integration Ldaptive,org.bremersee.ldaptive,LdaptiveException,0,34,0,4,0,8,0,6,0,4
Spring Integration Ldaptive,org.bremersee.ldaptive,LdaptiveException.new AbstractServiceExceptionBuilder() {...},0,11,0,0,0,2,0,2,0,2
Spring Integration Ldaptive,org.bremersee.ldaptive.converter,JacksonDnDeserializer,0,13,0,0,0,4,0,2,0,2
Spring Integration Ldaptive,org.bremersee.ldaptive.converter,JacksonLdapEntrySerializer,3,15,1,1,1,5,1,2,0,2
Spring Integration Ldaptive,org.bremersee.ldaptive.converter,JacksonDnSerializer,0,11,0,0,0,5,0,2,0,2
Spring Integration Ldaptive,org.bremersee.ldaptive.converter,JacksonLdapEntryDeserializer,2,15,1,1,0,4,1,2,0,2
Spring Integration Ldaptive,org.bremersee.ldaptive.converter,DnToStringConverter,0,7,0,0,0,3,0,2,0,2
Spring Integration Ldaptive,org.bremersee.ldaptive.converter,StringToDnConverter,0,7,0,0,0,3,0,2,0,2
Spring Integration Ldaptive,org.bremersee.ldaptive.serializable,SerLdapAttr,11,268,13,25,4,57,13,23,0,17
Spring Integration Ldaptive,org.bremersee.ldaptive.serializable,SerLdapEntry,0,87,3,3,0,30,3,6,0,6
Spring Integration Ldaptive,org.bremersee.ldaptive.reactive,ReactiveLdaptiveTemplate.FluxSinkAwareResultHandler,11,24,2,2,1,8,2,2,0,2
Spring Integration Ldaptive,org.bremersee.ldaptive.reactive,ReactiveLdaptiveTemplate,146,552,6,10,26,124,15,31,9,29
Spring Integration Ldaptive,org.bremersee.ldaptive.reactive,ReactiveLdaptiveOperations,4,122,1,1,1,20,1,14,0,14
Spring Integration Ldaptive,org.bremersee.ldaptive.reactive,ReactiveLdaptiveTemplate.FutureAwareResultHandler,0,53,1,7,0,11,1,5,0,2
